<?xml version="1.0" encoding="UTF-8"?>
<coverage generated="1636089285571" clover="3.2.0">
  <project timestamp="1636089285571" name="All files">
    <metrics statements="26" coveredstatements="26" conditionals="28" coveredconditionals="28" methods="10" coveredmethods="10" elements="64" coveredelements="64" complexity="0" loc="26" ncloc="26" packages="1" files="2" classes="2"/>
    <file name="diff.ts" path="/home/bk/tmp/src/odiff/src/diff.ts">
      <metrics statements="25" coveredstatements="25" conditionals="28" coveredconditionals="28" methods="10" coveredmethods="10"/>
      <line num="1" count="1" type="stmt"/>
      <line num="11" count="192" type="cond" truecount="2" falsecount="0"/>
      <line num="12" count="13" type="cond" truecount="2" falsecount="0"/>
      <line num="13" count="1" type="stmt"/>
      <line num="14" count="262" type="stmt"/>
      <line num="16" count="1" type="stmt"/>
      <line num="17" count="1" type="stmt"/>
      <line num="18" count="97" type="cond" truecount="5" falsecount="0"/>
      <line num="21" count="1" type="stmt"/>
      <line num="22" count="81" type="cond" truecount="6" falsecount="0"/>
      <line num="25" count="1" type="stmt"/>
      <line num="26" count="41" type="cond" truecount="4" falsecount="0"/>
      <line num="30" count="100" type="stmt"/>
      <line num="32" count="1" type="stmt"/>
      <line num="35" count="258" type="cond" truecount="1" falsecount="0"/>
      <line num="36" count="125" type="cond" truecount="4" falsecount="0"/>
      <line num="37" count="61" type="stmt"/>
      <line num="38" count="61" type="stmt"/>
      <line num="39" count="104" type="stmt"/>
      <line num="40" count="104" type="cond" truecount="4" falsecount="0"/>
      <line num="45" count="154" type="stmt"/>
      <line num="49" count="1" type="stmt"/>
      <line num="50" count="1" type="stmt"/>
      <line num="51" count="1" type="stmt"/>
      <line num="52" count="1" type="stmt"/>
    </file>
    <file name="index.ts" path="/home/bk/tmp/src/odiff/src/index.ts">
      <metrics statements="1" coveredstatements="1" conditionals="0" coveredconditionals="0" methods="0" coveredmethods="0"/>
      <line num="1" count="1" type="stmt"/>
    </file>
  </project>
</coverage>
