<?xml version="1.0" encoding="UTF-8"?>
<coverage generated="1636081309847" clover="3.2.0">
  <project timestamp="1636081309847" name="All files">
    <metrics statements="22" coveredstatements="22" conditionals="17" coveredconditionals="9" methods="9" coveredmethods="6" elements="48" coveredelements="37" complexity="0" loc="22" ncloc="22" packages="1" files="2" classes="2"/>
    <file name="diff.ts" path="/home/bk/tmp/src/odiff/src/diff.ts">
      <metrics statements="21" coveredstatements="21" conditionals="17" coveredconditionals="9" methods="9" coveredmethods="6"/>
      <line num="1" count="1" type="stmt"/>
      <line num="11" count="32" type="cond" truecount="2" falsecount="0"/>
      <line num="12" count="1" type="stmt"/>
      <line num="13" count="104" type="stmt"/>
      <line num="15" count="1" type="stmt"/>
      <line num="16" count="1" type="cond" truecount="0" falsecount="2"/>
      <line num="17" count="1" type="cond" truecount="0" falsecount="2"/>
      <line num="18" count="1" type="cond" truecount="0" falsecount="4"/>
      <line num="19" count="100" type="stmt"/>
      <line num="21" count="1" type="stmt"/>
      <line num="24" count="100" type="cond" truecount="1" falsecount="0"/>
      <line num="25" count="73" type="cond" truecount="4" falsecount="0"/>
      <line num="26" count="31" type="stmt"/>
      <line num="27" count="31" type="stmt"/>
      <line num="28" count="52" type="stmt"/>
      <line num="29" count="52" type="cond" truecount="2" falsecount="0"/>
      <line num="32" count="48" type="stmt"/>
      <line num="36" count="1" type="stmt"/>
      <line num="37" count="1" type="stmt"/>
      <line num="38" count="1" type="stmt"/>
      <line num="39" count="1" type="stmt"/>
    </file>
    <file name="index.ts" path="/home/bk/tmp/src/odiff/src/index.ts">
      <metrics statements="1" coveredstatements="1" conditionals="0" coveredconditionals="0" methods="0" coveredmethods="0"/>
      <line num="1" count="1" type="stmt"/>
    </file>
  </project>
</coverage>
