{"/home/bk/tmp/src/odiff/src/diff.ts": {"path":"/home/bk/tmp/src/odiff/src/diff.ts","statementMap":{"0":{"start":{"line":1,"column":0},"end":{"line":1,"column":27}},"1":{"start":{"line":11,"column":20},"end":{"line":11,"column":74}},"2":{"start":{"line":11,"column":32},"end":{"line":11,"column":74}},"3":{"start":{"line":12,"column":24},"end":{"line":12,"column":70}},"4":{"start":{"line":12,"column":36},"end":{"line":12,"column":70}},"5":{"start":{"line":12,"column":13},"end":{"line":12,"column":24}},"6":{"start":{"line":13,"column":16},"end":{"line":13,"column":48}},"7":{"start":{"line":14,"column":16},"end":{"line":14,"column":76}},"8":{"start":{"line":14,"column":49},"end":{"line":14,"column":75}},"9":{"start":{"line":16,"column":13},"end":{"line":16,"column":27}},"10":{"start":{"line":17,"column":14},"end":{"line":20,"column":10}},"11":{"start":{"line":18,"column":2},"end":{"line":20,"column":10}},"12":{"start":{"line":21,"column":16},"end":{"line":24,"column":10}},"13":{"start":{"line":22,"column":2},"end":{"line":24,"column":10}},"14":{"start":{"line":25,"column":16},"end":{"line":29,"column":19}},"15":{"start":{"line":26,"column":2},"end":{"line":29,"column":19}},"16":{"start":{"line":30,"column":12},"end":{"line":30,"column":44}},"17":{"start":{"line":30,"column":31},"end":{"line":30,"column":44}},"18":{"start":{"line":32,"column":13},"end":{"line":47,"column":2}},"19":{"start":{"line":35,"column":6},"end":{"line":35,"column":52}},"20":{"start":{"line":35,"column":42},"end":{"line":35,"column":52}},"21":{"start":{"line":36,"column":6},"end":{"line":36,"column":67}},"22":{"start":{"line":36,"column":58},"end":{"line":36,"column":67}},"23":{"start":{"line":37,"column":19},"end":{"line":37,"column":48}},"24":{"start":{"line":38,"column":6},"end":{"line":43,"column":13}},"25":{"start":{"line":39,"column":23},"end":{"line":39,"column":64}},"26":{"start":{"line":40,"column":8},"end":{"line":42,"column":38}},"27":{"start":{"line":45,"column":4},"end":{"line":45,"column":32}},"28":{"start":{"line":49,"column":13},"end":{"line":49,"column":41}},"29":{"start":{"line":50,"column":13},"end":{"line":50,"column":45}},"30":{"start":{"line":51,"column":13},"end":{"line":51,"column":45}},"31":{"start":{"line":52,"column":13},"end":{"line":52,"column":34}}},"fnMap":{"0":{"name":"(anonymous_6)","decl":{"start":{"line":11,"column":20},"end":{"line":11,"column":21}},"loc":{"start":{"line":11,"column":32},"end":{"line":11,"column":74}}},"1":{"name":"(anonymous_7)","decl":{"start":{"line":12,"column":24},"end":{"line":12,"column":25}},"loc":{"start":{"line":12,"column":36},"end":{"line":12,"column":70}}},"2":{"name":"(anonymous_8)","decl":{"start":{"line":14,"column":24},"end":{"line":14,"column":25}},"loc":{"start":{"line":14,"column":49},"end":{"line":14,"column":75}}},"3":{"name":"(anonymous_9)","decl":{"start":{"line":17,"column":14},"end":{"line":17,"column":15}},"loc":{"start":{"line":18,"column":2},"end":{"line":20,"column":10}}},"4":{"name":"(anonymous_10)","decl":{"start":{"line":21,"column":16},"end":{"line":21,"column":17}},"loc":{"start":{"line":22,"column":2},"end":{"line":24,"column":10}}},"5":{"name":"(anonymous_11)","decl":{"start":{"line":25,"column":16},"end":{"line":25,"column":17}},"loc":{"start":{"line":26,"column":2},"end":{"line":29,"column":19}}},"6":{"name":"(anonymous_12)","decl":{"start":{"line":30,"column":12},"end":{"line":30,"column":13}},"loc":{"start":{"line":30,"column":31},"end":{"line":30,"column":44}}},"7":{"name":"(anonymous_13)","decl":{"start":{"line":33,"column":2},"end":{"line":33,"column":3}},"loc":{"start":{"line":33,"column":70},"end":{"line":46,"column":3}}},"8":{"name":"_diff","decl":{"start":{"line":34,"column":13},"end":{"line":34,"column":18}},"loc":{"start":{"line":34,"column":37},"end":{"line":44,"column":5}}},"9":{"name":"(anonymous_15)","decl":{"start":{"line":38,"column":25},"end":{"line":38,"column":26}},"loc":{"start":{"line":38,"column":54},"end":{"line":43,"column":7}}}},"branchMap":{"0":{"loc":{"start":{"line":11,"column":32},"end":{"line":11,"column":74}},"type":"binary-expr","locations":[{"start":{"line":11,"column":32},"end":{"line":11,"column":47}},{"start":{"line":11,"column":51},"end":{"line":11,"column":74}}]},"1":{"loc":{"start":{"line":12,"column":36},"end":{"line":12,"column":70}},"type":"binary-expr","locations":[{"start":{"line":12,"column":36},"end":{"line":12,"column":45}},{"start":{"line":12,"column":49},"end":{"line":12,"column":70}}]},"2":{"loc":{"start":{"line":18,"column":2},"end":{"line":20,"column":10}},"type":"cond-expr","locations":[{"start":{"line":19,"column":6},"end":{"line":19,"column":19}},{"start":{"line":20,"column":6},"end":{"line":20,"column":10}}]},"3":{"loc":{"start":{"line":18,"column":2},"end":{"line":18,"column":61}},"type":"binary-expr","locations":[{"start":{"line":18,"column":2},"end":{"line":18,"column":17}},{"start":{"line":18,"column":21},"end":{"line":18,"column":40}},{"start":{"line":18,"column":44},"end":{"line":18,"column":61}}]},"4":{"loc":{"start":{"line":22,"column":2},"end":{"line":24,"column":10}},"type":"cond-expr","locations":[{"start":{"line":23,"column":6},"end":{"line":23,"column":19}},{"start":{"line":24,"column":6},"end":{"line":24,"column":10}}]},"5":{"loc":{"start":{"line":22,"column":2},"end":{"line":22,"column":74}},"type":"binary-expr","locations":[{"start":{"line":22,"column":2},"end":{"line":22,"column":14}},{"start":{"line":22,"column":19},"end":{"line":22,"column":35}},{"start":{"line":22,"column":39},"end":{"line":22,"column":55}},{"start":{"line":22,"column":60},"end":{"line":22,"column":74}}]},"6":{"loc":{"start":{"line":26,"column":2},"end":{"line":29,"column":19}},"type":"cond-expr","locations":[{"start":{"line":28,"column":6},"end":{"line":28,"column":10}},{"start":{"line":29,"column":6},"end":{"line":29,"column":19}}]},"7":{"loc":{"start":{"line":26,"column":2},"end":{"line":27,"column":49}},"type":"binary-expr","locations":[{"start":{"line":26,"column":2},"end":{"line":26,"column":47}},{"start":{"line":27,"column":2},"end":{"line":27,"column":49}}]},"8":{"loc":{"start":{"line":35,"column":6},"end":{"line":35,"column":52}},"type":"if","locations":[{"start":{"line":35,"column":6},"end":{"line":35,"column":52}}]},"9":{"loc":{"start":{"line":36,"column":6},"end":{"line":36,"column":67}},"type":"if","locations":[{"start":{"line":36,"column":6},"end":{"line":36,"column":67}}]},"10":{"loc":{"start":{"line":36,"column":10},"end":{"line":36,"column":56}},"type":"binary-expr","locations":[{"start":{"line":36,"column":11},"end":{"line":36,"column":22}},{"start":{"line":36,"column":26},"end":{"line":36,"column":37}},{"start":{"line":36,"column":42},"end":{"line":36,"column":56}}]},"11":{"loc":{"start":{"line":40,"column":15},"end":{"line":42,"column":37}},"type":"cond-expr","locations":[{"start":{"line":41,"column":12},"end":{"line":41,"column":15}},{"start":{"line":42,"column":11},"end":{"line":42,"column":37}}]},"12":{"loc":{"start":{"line":40,"column":15},"end":{"line":40,"column":63}},"type":"binary-expr","locations":[{"start":{"line":40,"column":15},"end":{"line":40,"column":32}},{"start":{"line":40,"column":36},"end":{"line":40,"column":63}}]}},"s":{"0":1,"1":1,"2":192,"3":1,"4":13,"5":1,"6":1,"7":1,"8":262,"9":1,"10":1,"11":97,"12":1,"13":81,"14":1,"15":41,"16":1,"17":100,"18":1,"19":258,"20":133,"21":125,"22":64,"23":61,"24":61,"25":104,"26":104,"27":154,"28":1,"29":1,"30":1,"31":1},"f":{"0":192,"1":13,"2":262,"3":97,"4":81,"5":41,"6":100,"7":154,"8":258,"9":104},"b":{"0":[192,26],"1":[13,10],"2":[46,51],"3":[97,65,54],"4":[26,55],"5":[81,64,13,60],"6":[23,18],"7":[41,20],"8":[133],"9":[64],"10":[125,71,63],"11":[52,52],"12":[104,54]}}
,"/home/bk/tmp/src/odiff/src/index.ts": {"path":"/home/bk/tmp/src/odiff/src/index.ts","statementMap":{"0":{"start":{"line":1,"column":0},"end":{"line":1,"column":23}}},"fnMap":{},"branchMap":{},"s":{"0":1},"f":{},"b":{}}
}
