{"/home/bk/tmp/src/odiff/src/diff.ts": {"path":"/home/bk/tmp/src/odiff/src/diff.ts","statementMap":{"0":{"start":{"line":1,"column":0},"end":{"line":1,"column":27}},"1":{"start":{"line":11,"column":20},"end":{"line":11,"column":74}},"2":{"start":{"line":11,"column":32},"end":{"line":11,"column":74}},"3":{"start":{"line":12,"column":16},"end":{"line":12,"column":48}},"4":{"start":{"line":13,"column":15},"end":{"line":13,"column":75}},"5":{"start":{"line":13,"column":48},"end":{"line":13,"column":74}},"6":{"start":{"line":15,"column":13},"end":{"line":15,"column":27}},"7":{"start":{"line":16,"column":18},"end":{"line":16,"column":68}},"8":{"start":{"line":16,"column":38},"end":{"line":16,"column":67}},"9":{"start":{"line":17,"column":20},"end":{"line":17,"column":67}},"10":{"start":{"line":17,"column":40},"end":{"line":17,"column":66}},"11":{"start":{"line":18,"column":20},"end":{"line":18,"column":79}},"12":{"start":{"line":18,"column":40},"end":{"line":18,"column":78}},"13":{"start":{"line":19,"column":12},"end":{"line":19,"column":44}},"14":{"start":{"line":19,"column":31},"end":{"line":19,"column":44}},"15":{"start":{"line":21,"column":13},"end":{"line":34,"column":2}},"16":{"start":{"line":24,"column":6},"end":{"line":24,"column":52}},"17":{"start":{"line":24,"column":42},"end":{"line":24,"column":52}},"18":{"start":{"line":25,"column":6},"end":{"line":25,"column":67}},"19":{"start":{"line":25,"column":58},"end":{"line":25,"column":67}},"20":{"start":{"line":26,"column":19},"end":{"line":26,"column":48}},"21":{"start":{"line":27,"column":6},"end":{"line":30,"column":13}},"22":{"start":{"line":28,"column":23},"end":{"line":28,"column":62}},"23":{"start":{"line":29,"column":8},"end":{"line":29,"column":67}},"24":{"start":{"line":32,"column":4},"end":{"line":32,"column":32}},"25":{"start":{"line":36,"column":13},"end":{"line":36,"column":45}},"26":{"start":{"line":37,"column":13},"end":{"line":37,"column":49}},"27":{"start":{"line":38,"column":13},"end":{"line":38,"column":49}},"28":{"start":{"line":39,"column":13},"end":{"line":39,"column":34}}},"fnMap":{"0":{"name":"(anonymous_6)","decl":{"start":{"line":11,"column":20},"end":{"line":11,"column":21}},"loc":{"start":{"line":11,"column":32},"end":{"line":11,"column":74}}},"1":{"name":"(anonymous_7)","decl":{"start":{"line":13,"column":23},"end":{"line":13,"column":24}},"loc":{"start":{"line":13,"column":48},"end":{"line":13,"column":74}}},"2":{"name":"(anonymous_8)","decl":{"start":{"line":16,"column":18},"end":{"line":16,"column":19}},"loc":{"start":{"line":16,"column":38},"end":{"line":16,"column":67}}},"3":{"name":"(anonymous_9)","decl":{"start":{"line":17,"column":20},"end":{"line":17,"column":21}},"loc":{"start":{"line":17,"column":40},"end":{"line":17,"column":66}}},"4":{"name":"(anonymous_10)","decl":{"start":{"line":18,"column":20},"end":{"line":18,"column":21}},"loc":{"start":{"line":18,"column":40},"end":{"line":18,"column":78}}},"5":{"name":"(anonymous_11)","decl":{"start":{"line":19,"column":12},"end":{"line":19,"column":13}},"loc":{"start":{"line":19,"column":31},"end":{"line":19,"column":44}}},"6":{"name":"(anonymous_12)","decl":{"start":{"line":22,"column":2},"end":{"line":22,"column":3}},"loc":{"start":{"line":22,"column":70},"end":{"line":33,"column":3}}},"7":{"name":"_diff","decl":{"start":{"line":23,"column":13},"end":{"line":23,"column":18}},"loc":{"start":{"line":23,"column":37},"end":{"line":31,"column":5}}},"8":{"name":"(anonymous_14)","decl":{"start":{"line":27,"column":25},"end":{"line":27,"column":26}},"loc":{"start":{"line":27,"column":54},"end":{"line":30,"column":7}}}},"branchMap":{"0":{"loc":{"start":{"line":11,"column":32},"end":{"line":11,"column":74}},"type":"binary-expr","locations":[{"start":{"line":11,"column":32},"end":{"line":11,"column":47}},{"start":{"line":11,"column":51},"end":{"line":11,"column":74}}]},"1":{"loc":{"start":{"line":16,"column":38},"end":{"line":16,"column":67}},"type":"cond-expr","locations":[{"start":{"line":16,"column":47},"end":{"line":16,"column":51}},{"start":{"line":16,"column":54},"end":{"line":16,"column":67}}]},"2":{"loc":{"start":{"line":17,"column":40},"end":{"line":17,"column":66}},"type":"cond-expr","locations":[{"start":{"line":17,"column":46},"end":{"line":17,"column":50}},{"start":{"line":17,"column":53},"end":{"line":17,"column":66}}]},"3":{"loc":{"start":{"line":18,"column":40},"end":{"line":18,"column":78}},"type":"cond-expr","locations":[{"start":{"line":18,"column":58},"end":{"line":18,"column":62}},{"start":{"line":18,"column":65},"end":{"line":18,"column":78}}]},"4":{"loc":{"start":{"line":18,"column":40},"end":{"line":18,"column":55}},"type":"binary-expr","locations":[{"start":{"line":18,"column":40},"end":{"line":18,"column":44}},{"start":{"line":18,"column":48},"end":{"line":18,"column":55}}]},"5":{"loc":{"start":{"line":24,"column":6},"end":{"line":24,"column":52}},"type":"if","locations":[{"start":{"line":24,"column":6},"end":{"line":24,"column":52}}]},"6":{"loc":{"start":{"line":25,"column":6},"end":{"line":25,"column":67}},"type":"if","locations":[{"start":{"line":25,"column":6},"end":{"line":25,"column":67}}]},"7":{"loc":{"start":{"line":25,"column":10},"end":{"line":25,"column":56}},"type":"binary-expr","locations":[{"start":{"line":25,"column":11},"end":{"line":25,"column":22}},{"start":{"line":25,"column":26},"end":{"line":25,"column":37}},{"start":{"line":25,"column":42},"end":{"line":25,"column":56}}]},"8":{"loc":{"start":{"line":29,"column":15},"end":{"line":29,"column":66}},"type":"cond-expr","locations":[{"start":{"line":29,"column":35},"end":{"line":29,"column":38}},{"start":{"line":29,"column":40},"end":{"line":29,"column":66}}]}},"s":{"0":1,"1":1,"2":32,"3":1,"4":1,"5":104,"6":1,"7":1,"8":0,"9":1,"10":0,"11":1,"12":0,"13":1,"14":100,"15":1,"16":100,"17":27,"18":73,"19":42,"20":31,"21":31,"22":52,"23":52,"24":48,"25":1,"26":1,"27":1,"28":1},"f":{"0":32,"1":104,"2":0,"3":0,"4":0,"5":100,"6":48,"7":100,"8":52},"b":{"0":[32,1],"1":[0,0],"2":[0,0],"3":[0,0],"4":[0,0],"5":[27],"6":[42],"7":[73,45,32],"8":[16,36]}}
,"/home/bk/tmp/src/odiff/src/index.ts": {"path":"/home/bk/tmp/src/odiff/src/index.ts","statementMap":{"0":{"start":{"line":1,"column":0},"end":{"line":1,"column":23}}},"fnMap":{},"branchMap":{},"s":{"0":1},"f":{},"b":{}}
}
