TN:
SF:src/diff.ts
FN:3,(anonymous_6)
FN:4,(anonymous_7)
FN:6,(anonymous_8)
FN:10,(anonymous_9)
FN:13,(anonymous_10)
FN:19,(anonymous_11)
FN:22,(anonymous_12)
FN:25,(anonymous_13)
FN:26,_diff
FN:31,(anonymous_15)
FNF:10
FNH:10
FNDA:290,(anonymous_6)
FNDA:325,(anonymous_7)
FNDA:266,(anonymous_8)
FNDA:57,(anonymous_9)
FNDA:58,(anonymous_10)
FNDA:76,(anonymous_11)
FNDA:97,(anonymous_12)
FNDA:155,(anonymous_13)
FNDA:288,_diff
FNDA:133,(anonymous_15)
DA:1,1
DA:3,290
DA:4,325
DA:5,1
DA:6,266
DA:8,1
DA:10,1
DA:11,57
DA:13,1
DA:14,58
DA:15,2
DA:16,56
DA:19,1
DA:20,76
DA:22,97
DA:24,1
DA:27,288
DA:28,161
DA:29,86
DA:30,86
DA:31,77
DA:32,133
DA:33,133
DA:36,155
DA:40,1
DA:41,1
DA:42,1
DA:43,1
LF:28
LH:28
BRDA:3,0,0,290
BRDA:3,0,1,30
BRDA:4,1,0,325
BRDA:4,1,1,280
BRDA:11,2,0,57
BRDA:11,2,1,44
BRDA:11,2,2,34
BRDA:14,3,0,2
BRDA:14,4,0,58
BRDA:14,4,1,24
BRDA:14,4,2,20
BRDA:14,4,3,2
BRDA:16,5,0,56
BRDA:16,5,1,22
BRDA:16,5,2,4
BRDA:20,6,0,76
BRDA:20,6,1,72
BRDA:20,6,2,4
BRDA:27,7,0,127
BRDA:27,8,0,288
BRDA:27,8,1,217
BRDA:28,9,0,75
BRDA:28,10,0,161
BRDA:28,10,1,94
BRDA:30,11,0,9
BRDA:33,12,0,63
BRDA:33,12,1,70
BRF:27
BRH:27
end_of_record
TN:
SF:src/index.ts
FNF:0
FNH:0
DA:1,1
LF:1
LH:1
BRF:0
BRH:0
end_of_record
