TN:
SF:src/diff.ts
FN:11,(anonymous_6)
FN:13,(anonymous_7)
FN:16,(anonymous_8)
FN:17,(anonymous_9)
FN:18,(anonymous_10)
FN:19,(anonymous_11)
FN:22,(anonymous_12)
FN:23,_diff
FN:27,(anonymous_14)
FNF:9
FNH:6
FNDA:32,(anonymous_6)
FNDA:104,(anonymous_7)
FNDA:0,(anonymous_8)
FNDA:0,(anonymous_9)
FNDA:0,(anonymous_10)
FNDA:100,(anonymous_11)
FNDA:48,(anonymous_12)
FNDA:100,_diff
FNDA:52,(anonymous_14)
DA:1,1
DA:11,32
DA:12,1
DA:13,104
DA:15,1
DA:16,1
DA:17,1
DA:18,1
DA:19,100
DA:21,1
DA:24,100
DA:25,73
DA:26,31
DA:27,31
DA:28,52
DA:29,52
DA:32,48
DA:36,1
DA:37,1
DA:38,1
DA:39,1
LF:21
LH:21
BRDA:11,0,0,32
BRDA:11,0,1,1
BRDA:16,1,0,0
BRDA:16,1,1,0
BRDA:17,2,0,0
BRDA:17,2,1,0
BRDA:18,3,0,0
BRDA:18,3,1,0
BRDA:18,4,0,0
BRDA:18,4,1,0
BRDA:24,5,0,27
BRDA:25,6,0,42
BRDA:25,7,0,73
BRDA:25,7,1,45
BRDA:25,7,2,32
BRDA:29,8,0,16
BRDA:29,8,1,36
BRF:17
BRH:9
end_of_record
TN:
SF:src/index.ts
FNF:0
FNH:0
DA:1,1
LF:1
LH:1
BRF:0
BRH:0
end_of_record
